<?xml version="1.0" encoding="UTF-8"?>
<coverage generated="1652502634564" clover="3.2.0">
  <project timestamp="1652502634564" name="All files">
    <metrics statements="143" coveredstatements="128" conditionals="40" coveredconditionals="30" methods="77" coveredmethods="58" elements="260" coveredelements="216" complexity="0" loc="143" ncloc="143" packages="3" files="9" classes="9"/>
    <package name="base">
      <metrics statements="57" coveredstatements="56" conditionals="21" coveredconditionals="21" methods="38" coveredmethods="33"/>
      <file name="Function.ts" path="/home/johnbrown/projects/shonad/src/base/Function.ts">
        <metrics statements="22" coveredstatements="22" conditionals="1" coveredconditionals="1" methods="14" coveredmethods="13"/>
        <line num="5" count="3" type="stmt"/>
        <line num="10" count="229" type="cond" truecount="1" falsecount="0"/>
        <line num="12" count="105" type="stmt"/>
        <line num="13" count="176" type="stmt"/>
        <line num="16" count="3" type="stmt"/>
        <line num="19" count="53" type="stmt"/>
        <line num="21" count="3" type="stmt"/>
        <line num="23" count="50" type="stmt"/>
        <line num="25" count="3" type="stmt"/>
        <line num="26" count="4" type="stmt"/>
        <line num="27" count="9" type="stmt"/>
        <line num="30" count="3" type="stmt"/>
        <line num="31" count="11" type="stmt"/>
        <line num="34" count="3" type="stmt"/>
        <line num="35" count="3" type="stmt"/>
        <line num="36" count="12" type="stmt"/>
        <line num="37" count="9" type="stmt"/>
        <line num="39" count="3" type="stmt"/>
        <line num="41" count="3" type="stmt"/>
        <line num="43" count="3" type="stmt"/>
        <line num="45" count="3" type="stmt"/>
        <line num="52" count="6" type="stmt"/>
      </file>
      <file name="Logic.ts" path="/home/johnbrown/projects/shonad/src/base/Logic.ts">
        <metrics statements="19" coveredstatements="19" conditionals="18" coveredconditionals="18" methods="12" coveredmethods="12"/>
        <line num="1" count="2" type="stmt"/>
        <line num="4" count="2" type="stmt"/>
        <line num="5" count="7" type="cond" truecount="2" falsecount="0"/>
        <line num="8" count="4" type="cond" truecount="2" falsecount="0"/>
        <line num="10" count="2" type="stmt"/>
        <line num="11" count="7" type="cond" truecount="2" falsecount="0"/>
        <line num="14" count="2" type="stmt"/>
        <line num="15" count="3" type="cond" truecount="2" falsecount="0"/>
        <line num="18" count="2" type="stmt"/>
        <line num="19" count="3" type="cond" truecount="2" falsecount="0"/>
        <line num="22" count="2" type="stmt"/>
        <line num="23" count="4" type="stmt"/>
        <line num="26" count="3" type="cond" truecount="2" falsecount="0"/>
        <line num="28" count="2" type="stmt"/>
        <line num="30" count="2" type="cond" truecount="2" falsecount="0"/>
        <line num="33" count="2" type="stmt"/>
        <line num="35" count="2" type="cond" truecount="2" falsecount="0"/>
        <line num="38" count="2" type="stmt"/>
        <line num="40" count="5" type="cond" truecount="2" falsecount="0"/>
      </file>
      <file name="Number.ts" path="/home/johnbrown/projects/shonad/src/base/Number.ts">
        <metrics statements="6" coveredstatements="6" conditionals="0" coveredconditionals="0" methods="5" coveredmethods="2"/>
        <line num="1" count="2" type="stmt"/>
        <line num="3" count="2" type="stmt"/>
        <line num="4" count="2" type="stmt"/>
        <line num="5" count="5" type="stmt"/>
        <line num="6" count="2" type="stmt"/>
        <line num="8" count="10" type="stmt"/>
      </file>
      <file name="Typeclass.ts" path="/home/johnbrown/projects/shonad/src/base/Typeclass.ts">
        <metrics statements="5" coveredstatements="4" conditionals="0" coveredconditionals="0" methods="4" coveredmethods="3"/>
        <line num="5" count="1" type="stmt"/>
        <line num="6" count="3" type="stmt"/>
        <line num="9" count="3" type="stmt"/>
        <line num="13" count="10" type="stmt"/>
        <line num="17" count="0" type="stmt"/>
      </file>
      <file name="Util.ts" path="/home/johnbrown/projects/shonad/src/base/Util.ts">
        <metrics statements="5" coveredstatements="5" conditionals="2" coveredconditionals="2" methods="3" coveredmethods="3"/>
        <line num="1" count="2" type="stmt"/>
        <line num="3" count="19" type="cond" truecount="2" falsecount="0"/>
        <line num="5" count="20" type="stmt"/>
        <line num="7" count="2" type="stmt"/>
        <line num="8" count="3" type="stmt"/>
      </file>
    </package>
    <package name="control">
      <metrics statements="23" coveredstatements="21" conditionals="0" coveredconditionals="0" methods="6" coveredmethods="4"/>
      <file name="Applicative.ts" path="/home/johnbrown/projects/shonad/src/control/Applicative.ts">
        <metrics statements="13" coveredstatements="12" conditionals="0" coveredconditionals="0" methods="3" coveredmethods="2"/>
        <line num="2" count="1" type="stmt"/>
        <line num="8" count="1" type="stmt"/>
        <line num="9" count="1" type="stmt"/>
        <line num="63" count="1" type="stmt"/>
        <line num="72" count="1" type="stmt"/>
        <line num="78" count="1" type="stmt"/>
        <line num="85" count="1" type="stmt"/>
        <line num="86" count="1" type="stmt"/>
        <line num="89" count="1" type="stmt"/>
        <line num="93" count="0" type="stmt"/>
        <line num="96" count="1" type="stmt"/>
        <line num="98" count="8" type="stmt"/>
        <line num="101" count="1" type="stmt"/>
      </file>
      <file name="Functor.ts" path="/home/johnbrown/projects/shonad/src/control/Functor.ts">
        <metrics statements="10" coveredstatements="9" conditionals="0" coveredconditionals="0" methods="3" coveredmethods="2"/>
        <line num="2" count="1" type="stmt"/>
        <line num="3" count="1" type="stmt"/>
        <line num="30" count="1" type="stmt"/>
        <line num="32" count="1" type="stmt"/>
        <line num="36" count="1" type="stmt"/>
        <line num="42" count="1" type="stmt"/>
        <line num="45" count="1" type="stmt"/>
        <line num="49" count="0" type="stmt"/>
        <line num="52" count="1" type="stmt"/>
        <line num="54" count="2" type="stmt"/>
      </file>
    </package>
    <package name="data">
      <metrics statements="63" coveredstatements="51" conditionals="19" coveredconditionals="9" methods="33" coveredmethods="21"/>
      <file name="Dict.ts" path="/home/johnbrown/projects/shonad/src/data/Dict.ts">
        <metrics statements="25" coveredstatements="25" conditionals="2" coveredconditionals="2" methods="12" coveredmethods="12"/>
        <line num="2" count="1" type="stmt"/>
        <line num="3" count="1" type="stmt"/>
        <line num="4" count="1" type="stmt"/>
        <line num="5" count="1" type="stmt"/>
        <line num="6" count="1" type="stmt"/>
        <line num="8" count="1" type="stmt"/>
        <line num="10" count="19" type="stmt"/>
        <line num="13" count="1" type="stmt"/>
        <line num="14" count="2" type="stmt"/>
        <line num="20" count="1" type="stmt"/>
        <line num="22" count="1" type="stmt"/>
        <line num="23" count="4" type="cond" truecount="2" falsecount="0"/>
        <line num="28" count="1" type="stmt"/>
        <line num="30" count="2" type="stmt"/>
        <line num="37" count="1" type="stmt"/>
        <line num="39" count="1" type="stmt"/>
        <line num="40" count="3" type="stmt"/>
        <line num="45" count="1" type="stmt"/>
        <line num="47" count="2" type="stmt"/>
        <line num="48" count="7" type="stmt"/>
        <line num="53" count="1" type="stmt"/>
        <line num="58" count="1" type="stmt"/>
        <line num="59" count="4" type="stmt"/>
        <line num="64" count="1" type="stmt"/>
        <line num="65" count="2" type="stmt"/>
      </file>
      <file name="Maybe.ts" path="/home/johnbrown/projects/shonad/src/data/Maybe.ts">
        <metrics statements="38" coveredstatements="26" conditionals="17" coveredconditionals="7" methods="21" coveredmethods="9"/>
        <line num="3" count="1" type="stmt"/>
        <line num="10" count="1" type="stmt"/>
        <line num="31" count="1" type="stmt"/>
        <line num="32" count="25" type="stmt"/>
        <line num="34" count="1" type="stmt"/>
        <line num="35" count="6" type="stmt"/>
        <line num="37" count="1" type="stmt"/>
        <line num="38" count="0" type="cond" truecount="0" falsecount="2"/>
        <line num="40" count="23" type="stmt"/>
        <line num="41" count="1" type="stmt"/>
        <line num="45" count="1" type="stmt"/>
        <line num="46" count="15" type="cond" truecount="1" falsecount="0"/>
        <line num="47" count="13" type="cond" truecount="2" falsecount="0"/>
        <line num="50" count="1" type="stmt"/>
        <line num="51" count="19" type="cond" truecount="2" falsecount="0"/>
        <line num="53" count="1" type="stmt"/>
        <line num="54" count="0" type="cond" truecount="0" falsecount="2"/>
        <line num="56" count="1" type="stmt"/>
        <line num="57" count="0" type="stmt"/>
        <line num="59" count="0" type="stmt"/>
        <line num="62" count="1" type="stmt"/>
        <line num="63" count="0" type="stmt"/>
        <line num="64" count="0" type="cond" truecount="0" falsecount="2"/>
        <line num="68" count="1" type="stmt"/>
        <line num="69" count="0" type="stmt"/>
        <line num="70" count="0" type="stmt"/>
        <line num="71" count="0" type="cond" truecount="0" falsecount="2"/>
        <line num="74" count="1" type="stmt"/>
        <line num="75" count="10" type="cond" truecount="2" falsecount="0"/>
        <line num="77" count="1" type="stmt"/>
        <line num="79" count="1" type="stmt"/>
        <line num="86" count="8" type="stmt"/>
        <line num="88" count="1" type="stmt"/>
        <line num="89" count="0" type="cond" truecount="0" falsecount="2"/>
        <line num="91" count="1" type="stmt"/>
        <line num="97" count="1" type="stmt"/>
        <line num="100" count="0" type="stmt"/>
        <line num="101" count="0" type="stmt"/>
      </file>
    </package>
  </project>
</coverage>
