{"/home/johnbrown/projects/shonad/src/base/Function.ts": {"path":"/home/johnbrown/projects/shonad/src/base/Function.ts","statementMap":{"0":{"start":{"line":5,"column":16},"end":{"line":15,"column":1}},"1":{"start":{"line":10,"column":2},"end":{"line":10,"column":32}},"2":{"start":{"line":10,"column":14},"end":{"line":10,"column":32}},"3":{"start":{"line":12,"column":2},"end":{"line":14,"column":4}},"4":{"start":{"line":13,"column":4},"end":{"line":13,"column":69}},"5":{"start":{"line":16,"column":22},"end":{"line":19,"column":42}},"6":{"start":{"line":19,"column":25},"end":{"line":19,"column":42}},"7":{"start":{"line":16,"column":13},"end":{"line":16,"column":22}},"8":{"start":{"line":21,"column":21},"end":{"line":23,"column":44}},"9":{"start":{"line":23,"column":25},"end":{"line":23,"column":44}},"10":{"start":{"line":21,"column":13},"end":{"line":21,"column":21}},"11":{"start":{"line":25,"column":41},"end":{"line":28,"column":1}},"12":{"start":{"line":26,"column":2},"end":{"line":27,"column":69}},"13":{"start":{"line":27,"column":4},"end":{"line":27,"column":68}},"14":{"start":{"line":27,"column":58},"end":{"line":27,"column":64}},"15":{"start":{"line":25,"column":13},"end":{"line":25,"column":41}},"16":{"start":{"line":30,"column":35},"end":{"line":32,"column":1}},"17":{"start":{"line":31,"column":2},"end":{"line":31,"column":79}},"18":{"start":{"line":31,"column":21},"end":{"line":31,"column":78}},"19":{"start":{"line":31,"column":68},"end":{"line":31,"column":74}},"20":{"start":{"line":30,"column":13},"end":{"line":30,"column":35}},"21":{"start":{"line":35,"column":2},"end":{"line":37,"column":5}},"22":{"start":{"line":36,"column":2},"end":{"line":37,"column":5}},"23":{"start":{"line":37,"column":4},"end":{"line":37,"column":5}},"24":{"start":{"line":34,"column":13},"end":{"line":34,"column":null}},"25":{"start":{"line":39,"column":13},"end":{"line":39,"column":36}},"26":{"start":{"line":41,"column":13},"end":{"line":41,"column":34}},"27":{"start":{"line":43,"column":24},"end":{"line":43,"column":38}},"28":{"start":{"line":43,"column":37},"end":{"line":43,"column":38}},"29":{"start":{"line":43,"column":13},"end":{"line":43,"column":24}},"30":{"start":{"line":45,"column":13},"end":{"line":54,"column":2}},"31":{"start":{"line":52,"column":4},"end":{"line":52,"column":28}}},"fnMap":{"0":{"name":"(anonymous_0)","decl":{"start":{"line":5,"column":16},"end":{"line":5,"column":null}},"loc":{"start":{"line":9,"column":29},"end":{"line":15,"column":1}}},"1":{"name":"(anonymous_1)","decl":{"start":{"line":12,"column":9},"end":{"line":12,"column":null}},"loc":{"start":{"line":12,"column":9},"end":{"line":14,"column":3}}},"2":{"name":"(anonymous_2)","decl":{"start":{"line":16,"column":22},"end":{"line":16,"column":null}},"loc":{"start":{"line":19,"column":25},"end":{"line":19,"column":42}}},"3":{"name":"(anonymous_3)","decl":{"start":{"line":21,"column":21},"end":{"line":21,"column":null}},"loc":{"start":{"line":23,"column":25},"end":{"line":23,"column":44}}},"4":{"name":"(anonymous_4)","decl":{"start":{"line":25,"column":41},"end":{"line":25,"column":42}},"loc":{"start":{"line":25,"column":75},"end":{"line":28,"column":1}}},"5":{"name":"(anonymous_5)","decl":{"start":{"line":26,"column":9},"end":{"line":26,"column":10}},"loc":{"start":{"line":27,"column":4},"end":{"line":27,"column":68}}},"6":{"name":"(anonymous_6)","decl":{"start":{"line":27,"column":22},"end":{"line":27,"column":23}},"loc":{"start":{"line":27,"column":58},"end":{"line":27,"column":64}}},"7":{"name":"(anonymous_7)","decl":{"start":{"line":30,"column":35},"end":{"line":30,"column":36}},"loc":{"start":{"line":30,"column":69},"end":{"line":32,"column":1}}},"8":{"name":"(anonymous_8)","decl":{"start":{"line":31,"column":9},"end":{"line":31,"column":10}},"loc":{"start":{"line":31,"column":21},"end":{"line":31,"column":78}}},"9":{"name":"(anonymous_9)","decl":{"start":{"line":31,"column":34},"end":{"line":31,"column":35}},"loc":{"start":{"line":31,"column":68},"end":{"line":31,"column":74}}},"10":{"name":"(anonymous_10)","decl":{"start":{"line":35,"column":2},"end":{"line":35,"column":6}},"loc":{"start":{"line":36,"column":2},"end":{"line":37,"column":5}}},"11":{"name":"(anonymous_11)","decl":{"start":{"line":36,"column":2},"end":{"line":36,"column":5}},"loc":{"start":{"line":37,"column":4},"end":{"line":37,"column":5}}},"12":{"name":"(anonymous_12)","decl":{"start":{"line":43,"column":24},"end":{"line":43,"column":28}},"loc":{"start":{"line":43,"column":37},"end":{"line":43,"column":38}}},"13":{"name":"(anonymous_13)","decl":{"start":{"line":46,"column":2},"end":{"line":46,"column":null}},"loc":{"start":{"line":51,"column":6},"end":{"line":53,"column":3}}}},"branchMap":{"0":{"loc":{"start":{"line":10,"column":2},"end":{"line":10,"column":32}},"type":"if","locations":[{"start":{"line":10,"column":2},"end":{"line":10,"column":32}}]}},"s":{"0":3,"1":229,"2":124,"3":105,"4":176,"5":3,"6":53,"7":3,"8":3,"9":50,"10":3,"11":3,"12":4,"13":4,"14":9,"15":3,"16":3,"17":4,"18":4,"19":11,"20":3,"21":3,"22":12,"23":9,"24":3,"25":3,"26":3,"27":3,"28":0,"29":3,"30":3,"31":6},"f":{"0":229,"1":176,"2":53,"3":50,"4":4,"5":4,"6":9,"7":4,"8":4,"9":11,"10":12,"11":9,"12":0,"13":6},"b":{"0":[124]}}
,"/home/johnbrown/projects/shonad/src/base/Logic.ts": {"path":"/home/johnbrown/projects/shonad/src/base/Logic.ts","statementMap":{"0":{"start":{"line":1,"column":0},"end":{"line":1,"column":33}},"1":{"start":{"line":4,"column":13},"end":{"line":6,"column":2}},"2":{"start":{"line":5,"column":2},"end":{"line":5,"column":58}},"3":{"start":{"line":5,"column":34},"end":{"line":5,"column":50}},"4":{"start":{"line":8,"column":13},"end":{"line":8,"column":73}},"5":{"start":{"line":8,"column":65},"end":{"line":8,"column":71}},"6":{"start":{"line":10,"column":13},"end":{"line":12,"column":2}},"7":{"start":{"line":11,"column":2},"end":{"line":11,"column":59}},"8":{"start":{"line":11,"column":34},"end":{"line":11,"column":50}},"9":{"start":{"line":14,"column":13},"end":{"line":16,"column":2}},"10":{"start":{"line":15,"column":67},"end":{"line":15,"column":79}},"11":{"start":{"line":18,"column":13},"end":{"line":20,"column":2}},"12":{"start":{"line":19,"column":67},"end":{"line":19,"column":79}},"13":{"start":{"line":22,"column":13},"end":{"line":24,"column":2}},"14":{"start":{"line":23,"column":58},"end":{"line":23,"column":63}},"15":{"start":{"line":26,"column":13},"end":{"line":26,"column":63}},"16":{"start":{"line":26,"column":55},"end":{"line":26,"column":61}},"17":{"start":{"line":28,"column":13},"end":{"line":31,"column":2}},"18":{"start":{"line":30,"column":4},"end":{"line":30,"column":22}},"19":{"start":{"line":33,"column":13},"end":{"line":36,"column":2}},"20":{"start":{"line":35,"column":4},"end":{"line":35,"column":22}},"21":{"start":{"line":38,"column":13},"end":{"line":41,"column":2}},"22":{"start":{"line":40,"column":4},"end":{"line":40,"column":38}}},"fnMap":{"0":{"name":"(anonymous_6)","decl":{"start":{"line":4,"column":32},"end":{"line":4,"column":33}},"loc":{"start":{"line":5,"column":2},"end":{"line":5,"column":58}}},"1":{"name":"(anonymous_7)","decl":{"start":{"line":5,"column":12},"end":{"line":5,"column":13}},"loc":{"start":{"line":5,"column":34},"end":{"line":5,"column":50}}},"2":{"name":"(anonymous_8)","decl":{"start":{"line":8,"column":28},"end":{"line":8,"column":29}},"loc":{"start":{"line":8,"column":65},"end":{"line":8,"column":71}}},"3":{"name":"(anonymous_9)","decl":{"start":{"line":10,"column":32},"end":{"line":10,"column":33}},"loc":{"start":{"line":11,"column":2},"end":{"line":11,"column":59}}},"4":{"name":"(anonymous_10)","decl":{"start":{"line":11,"column":12},"end":{"line":11,"column":13}},"loc":{"start":{"line":11,"column":34},"end":{"line":11,"column":50}}},"5":{"name":"(anonymous_11)","decl":{"start":{"line":15,"column":2},"end":{"line":15,"column":3}},"loc":{"start":{"line":15,"column":67},"end":{"line":15,"column":79}}},"6":{"name":"(anonymous_12)","decl":{"start":{"line":19,"column":2},"end":{"line":19,"column":3}},"loc":{"start":{"line":19,"column":67},"end":{"line":19,"column":79}}},"7":{"name":"(anonymous_13)","decl":{"start":{"line":23,"column":2},"end":{"line":23,"column":3}},"loc":{"start":{"line":23,"column":58},"end":{"line":23,"column":63}}},"8":{"name":"(anonymous_14)","decl":{"start":{"line":26,"column":27},"end":{"line":26,"column":28}},"loc":{"start":{"line":26,"column":55},"end":{"line":26,"column":61}}},"9":{"name":"(anonymous_15)","decl":{"start":{"line":29,"column":2},"end":{"line":29,"column":3}},"loc":{"start":{"line":30,"column":4},"end":{"line":30,"column":22}}},"10":{"name":"(anonymous_16)","decl":{"start":{"line":34,"column":2},"end":{"line":34,"column":3}},"loc":{"start":{"line":35,"column":4},"end":{"line":35,"column":22}}},"11":{"name":"(anonymous_17)","decl":{"start":{"line":39,"column":2},"end":{"line":39,"column":3}},"loc":{"start":{"line":40,"column":4},"end":{"line":40,"column":38}}}},"branchMap":{"0":{"loc":{"start":{"line":5,"column":34},"end":{"line":5,"column":50}},"type":"cond-expr","locations":[{"start":{"line":5,"column":40},"end":{"line":5,"column":44}},{"start":{"line":5,"column":47},"end":{"line":5,"column":50}}]},"1":{"loc":{"start":{"line":8,"column":65},"end":{"line":8,"column":71}},"type":"binary-expr","locations":[{"start":{"line":8,"column":65},"end":{"line":8,"column":66}},{"start":{"line":8,"column":70},"end":{"line":8,"column":71}}]},"2":{"loc":{"start":{"line":11,"column":34},"end":{"line":11,"column":50}},"type":"cond-expr","locations":[{"start":{"line":11,"column":40},"end":{"line":11,"column":43}},{"start":{"line":11,"column":46},"end":{"line":11,"column":50}}]},"3":{"loc":{"start":{"line":15,"column":67},"end":{"line":15,"column":79}},"type":"binary-expr","locations":[{"start":{"line":15,"column":67},"end":{"line":15,"column":71}},{"start":{"line":15,"column":75},"end":{"line":15,"column":79}}]},"4":{"loc":{"start":{"line":19,"column":67},"end":{"line":19,"column":79}},"type":"binary-expr","locations":[{"start":{"line":19,"column":67},"end":{"line":19,"column":71}},{"start":{"line":19,"column":75},"end":{"line":19,"column":79}}]},"5":{"loc":{"start":{"line":26,"column":55},"end":{"line":26,"column":61}},"type":"binary-expr","locations":[{"start":{"line":26,"column":55},"end":{"line":26,"column":56}},{"start":{"line":26,"column":60},"end":{"line":26,"column":61}}]},"6":{"loc":{"start":{"line":30,"column":4},"end":{"line":30,"column":22}},"type":"cond-expr","locations":[{"start":{"line":30,"column":14},"end":{"line":30,"column":15}},{"start":{"line":30,"column":18},"end":{"line":30,"column":22}}]},"7":{"loc":{"start":{"line":35,"column":4},"end":{"line":35,"column":22}},"type":"cond-expr","locations":[{"start":{"line":35,"column":14},"end":{"line":35,"column":18}},{"start":{"line":35,"column":21},"end":{"line":35,"column":22}}]},"8":{"loc":{"start":{"line":40,"column":4},"end":{"line":40,"column":38}},"type":"cond-expr","locations":[{"start":{"line":40,"column":14},"end":{"line":40,"column":15}},{"start":{"line":40,"column":18},"end":{"line":40,"column":38}}]}},"s":{"0":2,"1":2,"2":4,"3":7,"4":2,"5":4,"6":2,"7":4,"8":7,"9":2,"10":3,"11":2,"12":3,"13":2,"14":4,"15":2,"16":3,"17":2,"18":2,"19":2,"20":2,"21":2,"22":5},"f":{"0":4,"1":7,"2":4,"3":4,"4":7,"5":3,"6":3,"7":4,"8":3,"9":2,"10":2,"11":5},"b":{"0":[6,1],"1":[4,2],"2":[2,5],"3":[3,1],"4":[3,2],"5":[3,2],"6":[1,1],"7":[1,1],"8":[1,4]}}
,"/home/johnbrown/projects/shonad/src/base/Number.ts": {"path":"/home/johnbrown/projects/shonad/src/base/Number.ts","statementMap":{"0":{"start":{"line":1,"column":0},"end":{"line":1,"column":33}},"1":{"start":{"line":3,"column":13},"end":{"line":3,"column":69}},"2":{"start":{"line":3,"column":62},"end":{"line":3,"column":67}},"3":{"start":{"line":4,"column":13},"end":{"line":4,"column":71}},"4":{"start":{"line":4,"column":63},"end":{"line":4,"column":69}},"5":{"start":{"line":5,"column":13},"end":{"line":5,"column":69}},"6":{"start":{"line":5,"column":62},"end":{"line":5,"column":67}},"7":{"start":{"line":6,"column":13},"end":{"line":6,"column":71}},"8":{"start":{"line":6,"column":63},"end":{"line":6,"column":69}},"9":{"start":{"line":8,"column":13},"end":{"line":8,"column":69}},"10":{"start":{"line":8,"column":62},"end":{"line":8,"column":67}}},"fnMap":{"0":{"name":"(anonymous_6)","decl":{"start":{"line":3,"column":27},"end":{"line":3,"column":28}},"loc":{"start":{"line":3,"column":62},"end":{"line":3,"column":67}}},"1":{"name":"(anonymous_7)","decl":{"start":{"line":4,"column":28},"end":{"line":4,"column":29}},"loc":{"start":{"line":4,"column":63},"end":{"line":4,"column":69}}},"2":{"name":"(anonymous_8)","decl":{"start":{"line":5,"column":27},"end":{"line":5,"column":28}},"loc":{"start":{"line":5,"column":62},"end":{"line":5,"column":67}}},"3":{"name":"(anonymous_9)","decl":{"start":{"line":6,"column":28},"end":{"line":6,"column":29}},"loc":{"start":{"line":6,"column":63},"end":{"line":6,"column":69}}},"4":{"name":"(anonymous_10)","decl":{"start":{"line":8,"column":28},"end":{"line":8,"column":29}},"loc":{"start":{"line":8,"column":62},"end":{"line":8,"column":67}}}},"branchMap":{},"s":{"0":2,"1":2,"2":0,"3":2,"4":0,"5":2,"6":5,"7":2,"8":0,"9":2,"10":10},"f":{"0":0,"1":0,"2":5,"3":0,"4":10},"b":{}}
,"/home/johnbrown/projects/shonad/src/base/Typeclass.ts": {"path":"/home/johnbrown/projects/shonad/src/base/Typeclass.ts","statementMap":{"0":{"start":{"line":6,"column":2},"end":{"line":6,"column":31}},"1":{"start":{"line":9,"column":4},"end":{"line":9,"column":46}},"2":{"start":{"line":13,"column":4},"end":{"line":13,"column":27}},"3":{"start":{"line":17,"column":4},"end":{"line":17,"column":27}},"4":{"start":{"line":5,"column":0},"end":{"line":5,"column":13}}},"fnMap":{"0":{"name":"(anonymous_0)","decl":{"start":{"line":5,"column":0},"end":{"line":5,"column":13}},"loc":{"start":{"line":5,"column":0},"end":{"line":19,"column":1}}},"1":{"name":"(anonymous_1)","decl":{"start":{"line":8,"column":2},"end":{"line":8,"column":5}},"loc":{"start":{"line":8,"column":26},"end":{"line":10,"column":3}}},"2":{"name":"(anonymous_2)","decl":{"start":{"line":12,"column":2},"end":{"line":12,"column":5}},"loc":{"start":{"line":12,"column":18},"end":{"line":14,"column":3}}},"3":{"name":"(anonymous_3)","decl":{"start":{"line":16,"column":2},"end":{"line":16,"column":8}},"loc":{"start":{"line":16,"column":21},"end":{"line":18,"column":3}}}},"branchMap":{},"s":{"0":3,"1":3,"2":10,"3":0,"4":1},"f":{"0":3,"1":3,"2":10,"3":0},"b":{}}
,"/home/johnbrown/projects/shonad/src/base/Util.ts": {"path":"/home/johnbrown/projects/shonad/src/base/Util.ts","statementMap":{"0":{"start":{"line":1,"column":0},"end":{"line":1,"column":33}},"1":{"start":{"line":3,"column":21},"end":{"line":3,"column":71}},"2":{"start":{"line":3,"column":42},"end":{"line":3,"column":71}},"3":{"start":{"line":3,"column":13},"end":{"line":3,"column":21}},"4":{"start":{"line":5,"column":13},"end":{"line":5,"column":65}},"5":{"start":{"line":5,"column":56},"end":{"line":5,"column":63}},"6":{"start":{"line":7,"column":13},"end":{"line":9,"column":2}},"7":{"start":{"line":8,"column":2},"end":{"line":8,"column":16}}},"fnMap":{"0":{"name":"(anonymous_6)","decl":{"start":{"line":3,"column":21},"end":{"line":3,"column":22}},"loc":{"start":{"line":3,"column":42},"end":{"line":3,"column":71}}},"1":{"name":"(anonymous_7)","decl":{"start":{"line":5,"column":27},"end":{"line":5,"column":28}},"loc":{"start":{"line":5,"column":56},"end":{"line":5,"column":63}}},"2":{"name":"(anonymous_8)","decl":{"start":{"line":7,"column":29},"end":{"line":7,"column":30}},"loc":{"start":{"line":8,"column":2},"end":{"line":8,"column":16}}}},"branchMap":{"0":{"loc":{"start":{"line":3,"column":42},"end":{"line":3,"column":71}},"type":"binary-expr","locations":[{"start":{"line":3,"column":42},"end":{"line":3,"column":57}},{"start":{"line":3,"column":61},"end":{"line":3,"column":71}}]}},"s":{"0":2,"1":2,"2":19,"3":2,"4":2,"5":20,"6":2,"7":3},"f":{"0":19,"1":20,"2":3},"b":{"0":[19,15]}}
,"/home/johnbrown/projects/shonad/src/control/Applicative.ts": {"path":"/home/johnbrown/projects/shonad/src/control/Applicative.ts","statementMap":{"0":{"start":{"line":2,"column":0},"end":{"line":2,"column":null}},"1":{"start":{"line":8,"column":0},"end":{"line":8,"column":52}},"2":{"start":{"line":9,"column":0},"end":{"line":9,"column":39}},"3":{"start":{"line":63,"column":24},"end":{"line":63,"column":null}},"4":{"start":{"line":72,"column":41},"end":{"line":87,"column":1}},"5":{"start":{"line":78,"column":17},"end":{"line":83,"column":9}},"6":{"start":{"line":85,"column":2},"end":{"line":85,"column":36}},"7":{"start":{"line":86,"column":2},"end":{"line":86,"column":36}},"8":{"start":{"line":72,"column":13},"end":{"line":72,"column":41}},"9":{"start":{"line":89,"column":31},"end":{"line":94,"column":1}},"10":{"start":{"line":93,"column":2},"end":{"line":93,"column":72}},"11":{"start":{"line":89,"column":13},"end":{"line":89,"column":31}},"12":{"start":{"line":96,"column":13},"end":{"line":99,"column":2}},"13":{"start":{"line":98,"column":4},"end":{"line":98,"column":62}},"14":{"start":{"line":101,"column":13},"end":{"line":101,"column":37}}},"fnMap":{"0":{"name":"(anonymous_6)","decl":{"start":{"line":72,"column":41},"end":{"line":72,"column":null}},"loc":{"start":{"line":77,"column":4},"end":{"line":87,"column":1}}},"1":{"name":"(anonymous_7)","decl":{"start":{"line":89,"column":31},"end":{"line":89,"column":null}},"loc":{"start":{"line":92,"column":7},"end":{"line":94,"column":1}}},"2":{"name":"(anonymous_8)","decl":{"start":{"line":97,"column":2},"end":{"line":97,"column":3}},"loc":{"start":{"line":98,"column":4},"end":{"line":98,"column":62}}}},"branchMap":{},"s":{"0":1,"1":1,"2":1,"3":1,"4":1,"5":1,"6":1,"7":1,"8":1,"9":1,"10":0,"11":1,"12":1,"13":8,"14":1},"f":{"0":1,"1":0,"2":8},"b":{}}
,"/home/johnbrown/projects/shonad/src/control/Functor.ts": {"path":"/home/johnbrown/projects/shonad/src/control/Functor.ts","statementMap":{"0":{"start":{"line":2,"column":0},"end":{"line":2,"column":63}},"1":{"start":{"line":3,"column":0},"end":{"line":3,"column":39}},"2":{"start":{"line":30,"column":24},"end":{"line":30,"column":71}},"3":{"start":{"line":32,"column":37},"end":{"line":43,"column":1}},"4":{"start":{"line":36,"column":17},"end":{"line":40,"column":9}},"5":{"start":{"line":42,"column":2},"end":{"line":42,"column":36}},"6":{"start":{"line":32,"column":13},"end":{"line":32,"column":37}},"7":{"start":{"line":45,"column":27},"end":{"line":50,"column":1}},"8":{"start":{"line":49,"column":2},"end":{"line":49,"column":51}},"9":{"start":{"line":45,"column":13},"end":{"line":45,"column":27}},"10":{"start":{"line":52,"column":13},"end":{"line":55,"column":2}},"11":{"start":{"line":54,"column":4},"end":{"line":54,"column":57}}},"fnMap":{"0":{"name":"(anonymous_6)","decl":{"start":{"line":32,"column":37},"end":{"line":32,"column":null}},"loc":{"start":{"line":35,"column":4},"end":{"line":43,"column":1}}},"1":{"name":"(anonymous_7)","decl":{"start":{"line":45,"column":27},"end":{"line":45,"column":null}},"loc":{"start":{"line":48,"column":7},"end":{"line":50,"column":1}}},"2":{"name":"(anonymous_8)","decl":{"start":{"line":53,"column":2},"end":{"line":53,"column":3}},"loc":{"start":{"line":54,"column":4},"end":{"line":54,"column":57}}}},"branchMap":{},"s":{"0":1,"1":1,"2":1,"3":1,"4":1,"5":1,"6":1,"7":1,"8":0,"9":1,"10":1,"11":2},"f":{"0":1,"1":0,"2":2},"b":{}}
,"/home/johnbrown/projects/shonad/src/data/Dict.ts": {"path":"/home/johnbrown/projects/shonad/src/data/Dict.ts","statementMap":{"0":{"start":{"line":2,"column":0},"end":{"line":2,"column":33}},"1":{"start":{"line":3,"column":0},"end":{"line":3,"column":39}},"2":{"start":{"line":4,"column":0},"end":{"line":4,"column":45}},"3":{"start":{"line":5,"column":0},"end":{"line":5,"column":37}},"4":{"start":{"line":6,"column":0},"end":{"line":6,"column":40}},"5":{"start":{"line":8,"column":13},"end":{"line":11,"column":2}},"6":{"start":{"line":10,"column":4},"end":{"line":10,"column":29}},"7":{"start":{"line":13,"column":13},"end":{"line":18,"column":2}},"8":{"start":{"line":14,"column":77},"end":{"line":16,"column":null}},"9":{"start":{"line":20,"column":13},"end":{"line":26,"column":2}},"10":{"start":{"line":22,"column":4},"end":{"line":24,"column":null}},"11":{"start":{"line":23,"column":20},"end":{"line":23,"column":55}},"12":{"start":{"line":28,"column":13},"end":{"line":35,"column":2}},"13":{"start":{"line":30,"column":4},"end":{"line":34,"column":26}},"14":{"start":{"line":37,"column":13},"end":{"line":43,"column":2}},"15":{"start":{"line":39,"column":4},"end":{"line":41,"column":null}},"16":{"start":{"line":40,"column":26},"end":{"line":40,"column":55}},"17":{"start":{"line":45,"column":13},"end":{"line":51,"column":2}},"18":{"start":{"line":47,"column":4},"end":{"line":49,"column":null}},"19":{"start":{"line":48,"column":47},"end":{"line":48,"column":79}},"20":{"start":{"line":53,"column":13},"end":{"line":62,"column":2}},"21":{"start":{"line":58,"column":4},"end":{"line":60,"column":null}},"22":{"start":{"line":59,"column":29},"end":{"line":59,"column":79}},"23":{"start":{"line":64,"column":13},"end":{"line":66,"column":2}},"24":{"start":{"line":65,"column":2},"end":{"line":65,"column":53}}},"fnMap":{"0":{"name":"(anonymous_6)","decl":{"start":{"line":9,"column":2},"end":{"line":9,"column":3}},"loc":{"start":{"line":10,"column":4},"end":{"line":10,"column":29}}},"1":{"name":"(anonymous_7)","decl":{"start":{"line":14,"column":2},"end":{"line":14,"column":3}},"loc":{"start":{"line":14,"column":77},"end":{"line":16,"column":null}}},"2":{"name":"(anonymous_8)","decl":{"start":{"line":21,"column":2},"end":{"line":21,"column":3}},"loc":{"start":{"line":22,"column":4},"end":{"line":24,"column":null}}},"3":{"name":"(anonymous_9)","decl":{"start":{"line":23,"column":6},"end":{"line":23,"column":7}},"loc":{"start":{"line":23,"column":20},"end":{"line":23,"column":55}}},"4":{"name":"(anonymous_10)","decl":{"start":{"line":29,"column":2},"end":{"line":29,"column":3}},"loc":{"start":{"line":30,"column":4},"end":{"line":34,"column":26}}},"5":{"name":"(anonymous_11)","decl":{"start":{"line":38,"column":2},"end":{"line":38,"column":3}},"loc":{"start":{"line":39,"column":4},"end":{"line":41,"column":null}}},"6":{"name":"(anonymous_12)","decl":{"start":{"line":40,"column":6},"end":{"line":40,"column":7}},"loc":{"start":{"line":40,"column":26},"end":{"line":40,"column":55}}},"7":{"name":"(anonymous_13)","decl":{"start":{"line":46,"column":2},"end":{"line":46,"column":3}},"loc":{"start":{"line":47,"column":4},"end":{"line":49,"column":null}}},"8":{"name":"(anonymous_14)","decl":{"start":{"line":48,"column":6},"end":{"line":48,"column":7}},"loc":{"start":{"line":48,"column":47},"end":{"line":48,"column":79}}},"9":{"name":"(anonymous_15)","decl":{"start":{"line":54,"column":2},"end":{"line":54,"column":null}},"loc":{"start":{"line":58,"column":4},"end":{"line":60,"column":null}}},"10":{"name":"(anonymous_16)","decl":{"start":{"line":59,"column":6},"end":{"line":59,"column":7}},"loc":{"start":{"line":59,"column":29},"end":{"line":59,"column":79}}},"11":{"name":"(anonymous_17)","decl":{"start":{"line":64,"column":28},"end":{"line":64,"column":29}},"loc":{"start":{"line":65,"column":2},"end":{"line":65,"column":53}}}},"branchMap":{"0":{"loc":{"start":{"line":23,"column":20},"end":{"line":23,"column":55}},"type":"cond-expr","locations":[{"start":{"line":23,"column":31},"end":{"line":23,"column":34}},{"start":{"line":23,"column":37},"end":{"line":23,"column":55}}]}},"s":{"0":1,"1":1,"2":1,"3":1,"4":1,"5":1,"6":19,"7":1,"8":2,"9":1,"10":1,"11":4,"12":1,"13":2,"14":1,"15":1,"16":3,"17":1,"18":2,"19":7,"20":1,"21":1,"22":4,"23":1,"24":2},"f":{"0":19,"1":2,"2":1,"3":4,"4":2,"5":1,"6":3,"7":2,"8":7,"9":1,"10":4,"11":2},"b":{"0":[1,3]}}
,"/home/johnbrown/projects/shonad/src/data/Maybe.ts": {"path":"/home/johnbrown/projects/shonad/src/data/Maybe.ts","statementMap":{"0":{"start":{"line":3,"column":0},"end":{"line":3,"column":null}},"1":{"start":{"line":10,"column":0},"end":{"line":10,"column":37}},"2":{"start":{"line":31,"column":20},"end":{"line":32,"column":57}},"3":{"start":{"line":32,"column":2},"end":{"line":32,"column":57}},"4":{"start":{"line":31,"column":13},"end":{"line":31,"column":20}},"5":{"start":{"line":34,"column":23},"end":{"line":35,"column":40}},"6":{"start":{"line":35,"column":2},"end":{"line":35,"column":40}},"7":{"start":{"line":34,"column":13},"end":{"line":34,"column":23}},"8":{"start":{"line":37,"column":21},"end":{"line":38,"column":48}},"9":{"start":{"line":38,"column":2},"end":{"line":38,"column":48}},"10":{"start":{"line":37,"column":13},"end":{"line":37,"column":21}},"11":{"start":{"line":40,"column":22},"end":{"line":40,"column":77}},"12":{"start":{"line":40,"column":42},"end":{"line":40,"column":77}},"13":{"start":{"line":40,"column":13},"end":{"line":40,"column":22}},"14":{"start":{"line":41,"column":25},"end":{"line":41,"column":54}},"15":{"start":{"line":41,"column":44},"end":{"line":41,"column":54}},"16":{"start":{"line":41,"column":13},"end":{"line":41,"column":25}},"17":{"start":{"line":46,"column":2},"end":{"line":46,"column":70}},"18":{"start":{"line":46,"column":23},"end":{"line":46,"column":70}},"19":{"start":{"line":46,"column":47},"end":{"line":46,"column":69}},"20":{"start":{"line":47,"column":2},"end":{"line":47,"column":53}},"21":{"start":{"line":45,"column":0},"end":{"line":45,"column":16}},"22":{"start":{"line":50,"column":24},"end":{"line":51,"column":37}},"23":{"start":{"line":51,"column":2},"end":{"line":51,"column":37}},"24":{"start":{"line":50,"column":13},"end":{"line":50,"column":24}},"25":{"start":{"line":53,"column":27},"end":{"line":54,"column":36}},"26":{"start":{"line":54,"column":2},"end":{"line":54,"column":36}},"27":{"start":{"line":53,"column":13},"end":{"line":53,"column":27}},"28":{"start":{"line":56,"column":27},"end":{"line":59,"column":null}},"29":{"start":{"line":57,"column":2},"end":{"line":59,"column":null}},"30":{"start":{"line":59,"column":16},"end":{"line":59,"column":19}},"31":{"start":{"line":56,"column":13},"end":{"line":56,"column":27}},"32":{"start":{"line":62,"column":25},"end":{"line":65,"column":null}},"33":{"start":{"line":63,"column":2},"end":{"line":65,"column":null}},"34":{"start":{"line":64,"column":17},"end":{"line":64,"column":65}},"35":{"start":{"line":62,"column":13},"end":{"line":62,"column":25}},"36":{"start":{"line":68,"column":24},"end":{"line":72,"column":15}},"37":{"start":{"line":69,"column":2},"end":{"line":72,"column":15}},"38":{"start":{"line":70,"column":16},"end":{"line":70,"column":20}},"39":{"start":{"line":71,"column":4},"end":{"line":71,"column":64}},"40":{"start":{"line":68,"column":13},"end":{"line":68,"column":24}},"41":{"start":{"line":74,"column":20},"end":{"line":75,"column":71}},"42":{"start":{"line":75,"column":3},"end":{"line":75,"column":58}},"43":{"start":{"line":74,"column":13},"end":{"line":74,"column":20}},"44":{"start":{"line":77,"column":13},"end":{"line":77,"column":25}},"45":{"start":{"line":79,"column":43},"end":{"line":86,"column":67}},"46":{"start":{"line":86,"column":15},"end":{"line":86,"column":67}},"47":{"start":{"line":86,"column":40},"end":{"line":86,"column":63}},"48":{"start":{"line":79,"column":13},"end":{"line":79,"column":43}},"49":{"start":{"line":88,"column":20},"end":{"line":89,"column":63}},"50":{"start":{"line":89,"column":3},"end":{"line":89,"column":50}},"51":{"start":{"line":88,"column":13},"end":{"line":88,"column":20}},"52":{"start":{"line":91,"column":0},"end":{"line":91,"column":70}},"53":{"start":{"line":97,"column":27},"end":{"line":102,"column":null}},"54":{"start":{"line":100,"column":2},"end":{"line":102,"column":null}},"55":{"start":{"line":101,"column":16},"end":{"line":101,"column":49}},"56":{"start":{"line":97,"column":13},"end":{"line":97,"column":27}}},"fnMap":{"0":{"name":"(anonymous_6)","decl":{"start":{"line":31,"column":20},"end":{"line":31,"column":24}},"loc":{"start":{"line":32,"column":2},"end":{"line":32,"column":57}}},"1":{"name":"(anonymous_7)","decl":{"start":{"line":34,"column":23},"end":{"line":34,"column":27}},"loc":{"start":{"line":35,"column":2},"end":{"line":35,"column":40}}},"2":{"name":"(anonymous_8)","decl":{"start":{"line":37,"column":21},"end":{"line":37,"column":28}},"loc":{"start":{"line":38,"column":2},"end":{"line":38,"column":48}}},"3":{"name":"(anonymous_9)","decl":{"start":{"line":40,"column":22},"end":{"line":40,"column":23}},"loc":{"start":{"line":40,"column":42},"end":{"line":40,"column":77}}},"4":{"name":"(anonymous_10)","decl":{"start":{"line":41,"column":25},"end":{"line":41,"column":26}},"loc":{"start":{"line":41,"column":44},"end":{"line":41,"column":54}}},"5":{"name":"fromMaybe","decl":{"start":{"line":45,"column":16},"end":{"line":45,"column":25}},"loc":{"start":{"line":45,"column":54},"end":{"line":48,"column":1}}},"6":{"name":"(anonymous_12)","decl":{"start":{"line":46,"column":30},"end":{"line":46,"column":31}},"loc":{"start":{"line":46,"column":47},"end":{"line":46,"column":69}}},"7":{"name":"(anonymous_13)","decl":{"start":{"line":50,"column":24},"end":{"line":50,"column":28}},"loc":{"start":{"line":51,"column":2},"end":{"line":51,"column":37}}},"8":{"name":"(anonymous_14)","decl":{"start":{"line":53,"column":27},"end":{"line":53,"column":31}},"loc":{"start":{"line":54,"column":2},"end":{"line":54,"column":36}}},"9":{"name":"(anonymous_15)","decl":{"start":{"line":56,"column":27},"end":{"line":56,"column":31}},"loc":{"start":{"line":57,"column":2},"end":{"line":59,"column":null}}},"10":{"name":"(anonymous_16)","decl":{"start":{"line":59,"column":9},"end":{"line":59,"column":10}},"loc":{"start":{"line":59,"column":16},"end":{"line":59,"column":19}}},"11":{"name":"(anonymous_17)","decl":{"start":{"line":62,"column":25},"end":{"line":62,"column":29}},"loc":{"start":{"line":63,"column":2},"end":{"line":65,"column":null}}},"12":{"name":"(anonymous_18)","decl":{"start":{"line":64,"column":4},"end":{"line":64,"column":5}},"loc":{"start":{"line":64,"column":17},"end":{"line":64,"column":65}}},"13":{"name":"(anonymous_19)","decl":{"start":{"line":68,"column":24},"end":{"line":68,"column":31}},"loc":{"start":{"line":69,"column":2},"end":{"line":72,"column":15}}},"14":{"name":"(anonymous_20)","decl":{"start":{"line":69,"column":12},"end":{"line":69,"column":13}},"loc":{"start":{"line":69,"column":23},"end":{"line":72,"column":3}}},"15":{"name":"(anonymous_21)","decl":{"start":{"line":74,"column":20},"end":{"line":74,"column":27}},"loc":{"start":{"line":75,"column":3},"end":{"line":75,"column":58}}},"16":{"name":"(anonymous_22)","decl":{"start":{"line":79,"column":43},"end":{"line":79,"column":null}},"loc":{"start":{"line":86,"column":15},"end":{"line":86,"column":67}}},"17":{"name":"(anonymous_23)","decl":{"start":{"line":86,"column":20},"end":{"line":86,"column":21}},"loc":{"start":{"line":86,"column":40},"end":{"line":86,"column":63}}},"18":{"name":"(anonymous_24)","decl":{"start":{"line":88,"column":20},"end":{"line":88,"column":27}},"loc":{"start":{"line":89,"column":3},"end":{"line":89,"column":50}}},"19":{"name":"(anonymous_25)","decl":{"start":{"line":97,"column":27},"end":{"line":97,"column":null}},"loc":{"start":{"line":100,"column":2},"end":{"line":102,"column":null}}},"20":{"name":"(anonymous_26)","decl":{"start":{"line":101,"column":4},"end":{"line":101,"column":5}},"loc":{"start":{"line":101,"column":16},"end":{"line":101,"column":49}}}},"branchMap":{"0":{"loc":{"start":{"line":38,"column":2},"end":{"line":38,"column":48}},"type":"cond-expr","locations":[{"start":{"line":38,"column":14},"end":{"line":38,"column":37}},{"start":{"line":38,"column":40},"end":{"line":38,"column":48}}]},"1":{"loc":{"start":{"line":46,"column":2},"end":{"line":46,"column":70}},"type":"if","locations":[{"start":{"line":46,"column":2},"end":{"line":46,"column":70}}]},"2":{"loc":{"start":{"line":47,"column":9},"end":{"line":47,"column":52}},"type":"cond-expr","locations":[{"start":{"line":47,"column":22},"end":{"line":47,"column":41}},{"start":{"line":47,"column":44},"end":{"line":47,"column":52}}]},"3":{"loc":{"start":{"line":51,"column":2},"end":{"line":51,"column":37}},"type":"cond-expr","locations":[{"start":{"line":51,"column":18},"end":{"line":51,"column":27}},{"start":{"line":51,"column":30},"end":{"line":51,"column":37}}]},"4":{"loc":{"start":{"line":54,"column":2},"end":{"line":54,"column":36}},"type":"cond-expr","locations":[{"start":{"line":54,"column":17},"end":{"line":54,"column":24}},{"start":{"line":54,"column":27},"end":{"line":54,"column":36}}]},"5":{"loc":{"start":{"line":64,"column":17},"end":{"line":64,"column":65}},"type":"cond-expr","locations":[{"start":{"line":64,"column":29},"end":{"line":64,"column":59}},{"start":{"line":64,"column":62},"end":{"line":64,"column":65}}]},"6":{"loc":{"start":{"line":71,"column":11},"end":{"line":71,"column":63}},"type":"cond-expr","locations":[{"start":{"line":71,"column":25},"end":{"line":71,"column":57}},{"start":{"line":71,"column":60},"end":{"line":71,"column":63}}]},"7":{"loc":{"start":{"line":75,"column":3},"end":{"line":75,"column":58}},"type":"cond-expr","locations":[{"start":{"line":75,"column":15},"end":{"line":75,"column":46}},{"start":{"line":75,"column":49},"end":{"line":75,"column":58}}]},"8":{"loc":{"start":{"line":89,"column":3},"end":{"line":89,"column":50}},"type":"cond-expr","locations":[{"start":{"line":89,"column":15},"end":{"line":89,"column":38}},{"start":{"line":89,"column":41},"end":{"line":89,"column":50}}]}},"s":{"0":1,"1":1,"2":1,"3":25,"4":1,"5":1,"6":6,"7":1,"8":1,"9":0,"10":1,"11":1,"12":23,"13":1,"14":1,"15":0,"16":1,"17":15,"18":2,"19":2,"20":13,"21":1,"22":1,"23":19,"24":1,"25":1,"26":0,"27":1,"28":1,"29":0,"30":0,"31":1,"32":1,"33":0,"34":0,"35":1,"36":1,"37":0,"38":0,"39":0,"40":1,"41":1,"42":10,"43":1,"44":1,"45":1,"46":8,"47":7,"48":1,"49":1,"50":0,"51":1,"52":1,"53":1,"54":0,"55":0,"56":1},"f":{"0":25,"1":6,"2":0,"3":23,"4":0,"5":15,"6":2,"7":19,"8":0,"9":0,"10":0,"11":0,"12":0,"13":0,"14":0,"15":10,"16":8,"17":7,"18":0,"19":0,"20":0},"b":{"0":[0,0],"1":[2],"2":[9,4],"3":[4,15],"4":[0,0],"5":[0,0],"6":[0,0],"7":[8,2],"8":[0,0]}}
}
