TN:
SF:src/base/Function.ts
FN:5,(anonymous_0)
FN:12,(anonymous_1)
FN:16,(anonymous_2)
FN:21,(anonymous_3)
FN:25,(anonymous_4)
FN:26,(anonymous_5)
FN:27,(anonymous_6)
FN:30,(anonymous_7)
FN:31,(anonymous_8)
FN:31,(anonymous_9)
FN:35,(anonymous_10)
FN:36,(anonymous_11)
FN:43,(anonymous_12)
FN:46,(anonymous_13)
FNF:14
FNH:13
FNDA:229,(anonymous_0)
FNDA:176,(anonymous_1)
FNDA:53,(anonymous_2)
FNDA:50,(anonymous_3)
FNDA:4,(anonymous_4)
FNDA:4,(anonymous_5)
FNDA:9,(anonymous_6)
FNDA:4,(anonymous_7)
FNDA:4,(anonymous_8)
FNDA:11,(anonymous_9)
FNDA:12,(anonymous_10)
FNDA:9,(anonymous_11)
FNDA:0,(anonymous_12)
FNDA:6,(anonymous_13)
DA:5,3
DA:10,229
DA:12,105
DA:13,176
DA:16,3
DA:19,53
DA:21,3
DA:23,50
DA:25,3
DA:26,4
DA:27,9
DA:30,3
DA:31,11
DA:34,3
DA:35,3
DA:36,12
DA:37,9
DA:39,3
DA:41,3
DA:43,3
DA:45,3
DA:52,6
LF:22
LH:22
BRDA:10,0,0,124
BRF:1
BRH:1
end_of_record
TN:
SF:src/base/Logic.ts
FN:4,(anonymous_6)
FN:5,(anonymous_7)
FN:8,(anonymous_8)
FN:10,(anonymous_9)
FN:11,(anonymous_10)
FN:15,(anonymous_11)
FN:19,(anonymous_12)
FN:23,(anonymous_13)
FN:26,(anonymous_14)
FN:29,(anonymous_15)
FN:34,(anonymous_16)
FN:39,(anonymous_17)
FNF:12
FNH:12
FNDA:4,(anonymous_6)
FNDA:7,(anonymous_7)
FNDA:4,(anonymous_8)
FNDA:4,(anonymous_9)
FNDA:7,(anonymous_10)
FNDA:3,(anonymous_11)
FNDA:3,(anonymous_12)
FNDA:4,(anonymous_13)
FNDA:3,(anonymous_14)
FNDA:2,(anonymous_15)
FNDA:2,(anonymous_16)
FNDA:5,(anonymous_17)
DA:1,2
DA:4,2
DA:5,7
DA:8,4
DA:10,2
DA:11,7
DA:14,2
DA:15,3
DA:18,2
DA:19,3
DA:22,2
DA:23,4
DA:26,3
DA:28,2
DA:30,2
DA:33,2
DA:35,2
DA:38,2
DA:40,5
LF:19
LH:19
BRDA:5,0,0,6
BRDA:5,0,1,1
BRDA:8,1,0,4
BRDA:8,1,1,2
BRDA:11,2,0,2
BRDA:11,2,1,5
BRDA:15,3,0,3
BRDA:15,3,1,1
BRDA:19,4,0,3
BRDA:19,4,1,2
BRDA:26,5,0,3
BRDA:26,5,1,2
BRDA:30,6,0,1
BRDA:30,6,1,1
BRDA:35,7,0,1
BRDA:35,7,1,1
BRDA:40,8,0,1
BRDA:40,8,1,4
BRF:18
BRH:18
end_of_record
TN:
SF:src/base/Number.ts
FN:3,(anonymous_6)
FN:4,(anonymous_7)
FN:5,(anonymous_8)
FN:6,(anonymous_9)
FN:8,(anonymous_10)
FNF:5
FNH:2
FNDA:0,(anonymous_6)
FNDA:0,(anonymous_7)
FNDA:5,(anonymous_8)
FNDA:0,(anonymous_9)
FNDA:10,(anonymous_10)
DA:1,2
DA:3,2
DA:4,2
DA:5,5
DA:6,2
DA:8,10
LF:6
LH:6
BRF:0
BRH:0
end_of_record
TN:
SF:src/base/Typeclass.ts
FN:5,(anonymous_0)
FN:8,(anonymous_1)
FN:12,(anonymous_2)
FN:16,(anonymous_3)
FNF:4
FNH:3
FNDA:3,(anonymous_0)
FNDA:3,(anonymous_1)
FNDA:10,(anonymous_2)
FNDA:0,(anonymous_3)
DA:5,1
DA:6,3
DA:9,3
DA:13,10
DA:17,0
LF:5
LH:4
BRF:0
BRH:0
end_of_record
TN:
SF:src/base/Util.ts
FN:3,(anonymous_6)
FN:5,(anonymous_7)
FN:7,(anonymous_8)
FNF:3
FNH:3
FNDA:19,(anonymous_6)
FNDA:20,(anonymous_7)
FNDA:3,(anonymous_8)
DA:1,2
DA:3,19
DA:5,20
DA:7,2
DA:8,3
LF:5
LH:5
BRDA:3,0,0,19
BRDA:3,0,1,15
BRF:2
BRH:2
end_of_record
TN:
SF:src/control/Applicative.ts
FN:72,(anonymous_6)
FN:89,(anonymous_7)
FN:97,(anonymous_8)
FNF:3
FNH:2
FNDA:1,(anonymous_6)
FNDA:0,(anonymous_7)
FNDA:8,(anonymous_8)
DA:2,1
DA:8,1
DA:9,1
DA:63,1
DA:72,1
DA:78,1
DA:85,1
DA:86,1
DA:89,1
DA:93,0
DA:96,1
DA:98,8
DA:101,1
LF:13
LH:12
BRF:0
BRH:0
end_of_record
TN:
SF:src/control/Functor.ts
FN:32,(anonymous_6)
FN:45,(anonymous_7)
FN:53,(anonymous_8)
FNF:3
FNH:2
FNDA:1,(anonymous_6)
FNDA:0,(anonymous_7)
FNDA:2,(anonymous_8)
DA:2,1
DA:3,1
DA:30,1
DA:32,1
DA:36,1
DA:42,1
DA:45,1
DA:49,0
DA:52,1
DA:54,2
LF:10
LH:9
BRF:0
BRH:0
end_of_record
TN:
SF:src/data/Dict.ts
FN:9,(anonymous_6)
FN:14,(anonymous_7)
FN:21,(anonymous_8)
FN:23,(anonymous_9)
FN:29,(anonymous_10)
FN:38,(anonymous_11)
FN:40,(anonymous_12)
FN:46,(anonymous_13)
FN:48,(anonymous_14)
FN:54,(anonymous_15)
FN:59,(anonymous_16)
FN:64,(anonymous_17)
FNF:12
FNH:12
FNDA:19,(anonymous_6)
FNDA:2,(anonymous_7)
FNDA:1,(anonymous_8)
FNDA:4,(anonymous_9)
FNDA:2,(anonymous_10)
FNDA:1,(anonymous_11)
FNDA:3,(anonymous_12)
FNDA:2,(anonymous_13)
FNDA:7,(anonymous_14)
FNDA:1,(anonymous_15)
FNDA:4,(anonymous_16)
FNDA:2,(anonymous_17)
DA:2,1
DA:3,1
DA:4,1
DA:5,1
DA:6,1
DA:8,1
DA:10,19
DA:13,1
DA:14,2
DA:20,1
DA:22,1
DA:23,4
DA:28,1
DA:30,2
DA:37,1
DA:39,1
DA:40,3
DA:45,1
DA:47,2
DA:48,7
DA:53,1
DA:58,1
DA:59,4
DA:64,1
DA:65,2
LF:25
LH:25
BRDA:23,0,0,1
BRDA:23,0,1,3
BRF:2
BRH:2
end_of_record
TN:
SF:src/data/Maybe.ts
FN:31,(anonymous_6)
FN:34,(anonymous_7)
FN:37,(anonymous_8)
FN:40,(anonymous_9)
FN:41,(anonymous_10)
FN:45,fromMaybe
FN:46,(anonymous_12)
FN:50,(anonymous_13)
FN:53,(anonymous_14)
FN:56,(anonymous_15)
FN:59,(anonymous_16)
FN:62,(anonymous_17)
FN:64,(anonymous_18)
FN:68,(anonymous_19)
FN:69,(anonymous_20)
FN:74,(anonymous_21)
FN:79,(anonymous_22)
FN:86,(anonymous_23)
FN:88,(anonymous_24)
FN:97,(anonymous_25)
FN:101,(anonymous_26)
FNF:21
FNH:9
FNDA:25,(anonymous_6)
FNDA:6,(anonymous_7)
FNDA:0,(anonymous_8)
FNDA:23,(anonymous_9)
FNDA:0,(anonymous_10)
FNDA:15,fromMaybe
FNDA:2,(anonymous_12)
FNDA:19,(anonymous_13)
FNDA:0,(anonymous_14)
FNDA:0,(anonymous_15)
FNDA:0,(anonymous_16)
FNDA:0,(anonymous_17)
FNDA:0,(anonymous_18)
FNDA:0,(anonymous_19)
FNDA:0,(anonymous_20)
FNDA:10,(anonymous_21)
FNDA:8,(anonymous_22)
FNDA:7,(anonymous_23)
FNDA:0,(anonymous_24)
FNDA:0,(anonymous_25)
FNDA:0,(anonymous_26)
DA:3,1
DA:10,1
DA:31,1
DA:32,25
DA:34,1
DA:35,6
DA:37,1
DA:38,0
DA:40,23
DA:41,1
DA:45,1
DA:46,15
DA:47,13
DA:50,1
DA:51,19
DA:53,1
DA:54,0
DA:56,1
DA:57,0
DA:59,0
DA:62,1
DA:63,0
DA:64,0
DA:68,1
DA:69,0
DA:70,0
DA:71,0
DA:74,1
DA:75,10
DA:77,1
DA:79,1
DA:86,8
DA:88,1
DA:89,0
DA:91,1
DA:97,1
DA:100,0
DA:101,0
LF:38
LH:26
BRDA:38,0,0,0
BRDA:38,0,1,0
BRDA:46,1,0,2
BRDA:47,2,0,9
BRDA:47,2,1,4
BRDA:51,3,0,4
BRDA:51,3,1,15
BRDA:54,4,0,0
BRDA:54,4,1,0
BRDA:64,5,0,0
BRDA:64,5,1,0
BRDA:71,6,0,0
BRDA:71,6,1,0
BRDA:75,7,0,8
BRDA:75,7,1,2
BRDA:89,8,0,0
BRDA:89,8,1,0
BRF:17
BRH:7
end_of_record
